app/build/intermediates/manifest_merge_blame_file/debug/manifest-merger-blame-debug-report.txt
1<?xml version="1.0" encoding="utf-8"?>
2<manifest xmlns:android="http://schemas.android.com/apk/res/android"
3    package="com.niit.android"
4    android:versionCode="1"
5    android:versionName="1.0" >
6
7    <uses-sdk
8        android:minSdkVersion="9"
8-->src\main\AndroidManifest.xml
9        android:targetSdkVersion="9" />
9-->src\main\AndroidManifest.xml
10
11    <uses-permission android:name="android.permission.READ_PHONE_STATE" />
11-->src\main\AndroidManifest.xml:26:5-91
11-->src\main\AndroidManifest.xml:26:22-72
12    <uses-permission android:name="android.permission.ACCESS_COARSE_LOCATION" />
12-->src\main\AndroidManifest.xml:27:5-97
12-->src\main\AndroidManifest.xml:27:22-78
13
14    <application
14-->src\main\AndroidManifest.xml:7:5-25:19
15        android:debuggable="true"
16        android:icon="@drawable/ic_launcher"
16-->src\main\AndroidManifest.xml:8:9-45
17        android:label="@string/app_name"
17-->src\main\AndroidManifest.xml:9:9-41
18        android:testOnly="true" >
19        <activity
19-->src\main\AndroidManifest.xml:10:9-19:20
20            android:name="com.niit.android.ResultFromActivity"
20-->src\main\AndroidManifest.xml:11:13-47
21            android:configChanges="orientation|screenSize"
21-->src\main\AndroidManifest.xml:13:13-59
22            android:label="@string/app_name" >
22-->src\main\AndroidManifest.xml:12:13-45
23            <intent-filter>
23-->src\main\AndroidManifest.xml:14:13-18:29
24                <action android:name="android.intent.action.MAIN" />
24-->src\main\AndroidManifest.xml:15:17-69
24-->src\main\AndroidManifest.xml:15:25-66
25
26                <category android:name="android.intent.category.LAUNCHER" />
26-->src\main\AndroidManifest.xml:17:17-77
26-->src\main\AndroidManifest.xml:17:27-74
27            </intent-filter>
28        </activity>
29        <activity
29-->src\main\AndroidManifest.xml:20:9-23:20
30            android:name="com.niit.android.NameActivity"
30-->src\main\AndroidManifest.xml:21:13-41
31            android:label="@string/app_name" >
31-->src\main\AndroidManifest.xml:22:13-45
32        </activity>
33    </application>
34
35</manifest>